<?xml version="1.0" encoding="UTF-8"?>
<testng-results ignored="0" total="2" passed="2" failed="0" skipped="0">
  <reporter-output>
  </reporter-output>
  <suite started-at="2024-11-24T12:39:31 IST" name="Default suite" finished-at="2024-11-24T12:39:36 IST" duration-ms="5488">
    <groups>
    </groups>
    <test started-at="2024-11-24T12:39:31 IST" name="Default test" finished-at="2024-11-24T12:39:36 IST" duration-ms="5488">
      <class name="practise.d4">
        <test-method is-config="true" signature="launch()[pri:0, instance:practise.d4@6283d8b8]" started-at="2024-11-24T12:39:31 IST" name="launch" finished-at="2024-11-24T12:39:33 IST" duration-ms="1775" status="PASS">
          <reporter-output>
          </reporter-output>
        </test-method> <!-- launch -->
        <test-method signature="script2()[pri:1, instance:practise.d4@6283d8b8]" started-at="2024-11-24T12:39:33 IST" name="script2" finished-at="2024-11-24T12:39:33 IST" duration-ms="500" status="PASS">
          <reporter-output>
          </reporter-output>
        </test-method> <!-- script2 -->
        <test-method is-config="true" signature="close()[pri:0, instance:practise.d4@6283d8b8]" started-at="2024-11-24T12:39:33 IST" name="close" finished-at="2024-11-24T12:39:34 IST" duration-ms="351" status="PASS">
          <reporter-output>
          </reporter-output>
        </test-method> <!-- close -->
        <test-method is-config="true" signature="launch()[pri:0, instance:practise.d4@6283d8b8]" started-at="2024-11-24T12:39:34 IST" name="launch" finished-at="2024-11-24T12:39:36 IST" duration-ms="2124" status="PASS">
          <reporter-output>
          </reporter-output>
        </test-method> <!-- launch -->
        <test-method signature="script()[pri:2, instance:practise.d4@6283d8b8]" started-at="2024-11-24T12:39:36 IST" name="script" finished-at="2024-11-24T12:39:36 IST" duration-ms="433" status="PASS">
          <reporter-output>
          </reporter-output>
        </test-method> <!-- script -->
        <test-method is-config="true" signature="close()[pri:0, instance:practise.d4@6283d8b8]" started-at="2024-11-24T12:39:36 IST" name="close" finished-at="2024-11-24T12:39:36 IST" duration-ms="259" status="PASS">
          <reporter-output>
          </reporter-output>
        </test-method> <!-- close -->
      </class> <!-- practise.d4 -->
    </test> <!-- Default test -->
  </suite> <!-- Default suite -->
</testng-results>
